<?xml version="1.0" encoding="UTF-8"?>
<!-- Generated by org.testng.reporters.JUnitXMLReporter -->
<testsuite ignored="0" hostname="DESKTOP-VRIL0A8" failures="0" tests="2" name="Verefy_FB_LoginTest" time="56.107" errors="0" timestamp="2022-02-27T14:25:21 IST">
  <testcase classname="Com.Test.Verefy_FB_Login" name="VerefyLoginWith_Invalid_Data" time="6.225"/>
  <testcase classname="Com.Test.Verefy_FB_Login" name="VerefyLoginWith_Valid_Data" time="0.354"/>
</testsuite> <!-- Verefy_FB_LoginTest -->
