<?xml version="1.0" encoding="UTF-8"?>
<!-- Generated by org.testng.reporters.JUnitXMLReporter -->
<testsuite ignored="0" hostname="DESKTOP-VRIL0A8" failures="0" tests="1" name="Test" time="0.037" errors="0" timestamp="2022-02-28T13:28:47 IST">
  <testcase classname="Com.Utility.BaseClass" name="@BeforeSuite BS" time="0.196">
    <failure type="java.lang.NoClassDefFoundError" message="org/apache/poi/ss/usermodel/Chart">
      <![CDATA[java.lang.NoClassDefFoundError: org/apache/poi/ss/usermodel/Chart
at java.base/java.lang.ClassLoader.defineClass1(Native Method)
at java.base/java.lang.ClassLoader.defineClass(ClassLoader.java:1012)
at java.base/java.security.SecureClassLoader.defineClass(SecureClassLoader.java:150)
at java.base/jdk.internal.loader.BuiltinClassLoader.defineClass(BuiltinClassLoader.java:862)
at java.base/jdk.internal.loader.BuiltinClassLoader.findClassOnClassPathOrNull(BuiltinClassLoader.java:760)
at java.base/jdk.internal.loader.BuiltinClassLoader.loadClassOrNull(BuiltinClassLoader.java:681)
at java.base/jdk.internal.loader.BuiltinClassLoader.loadClass(BuiltinClassLoader.java:639)
at java.base/jdk.internal.loader.ClassLoaders$AppClassLoader.loadClass(ClassLoaders.java:188)
at java.base/java.lang.ClassLoader.loadClass(ClassLoader.java:520)
at org.apache.poi.xssf.usermodel.XSSFRelation.<clinit>(XSSFRelation.java:124)
at org.apache.poi.xssf.usermodel.XSSFWorkbook.beforeDocumentRead(XSSFWorkbook.java:356)
at org.apache.poi.xssf.usermodel.XSSFWorkbook.<init>(XSSFWorkbook.java:285)
at org.apache.poi.xssf.usermodel.XSSFWorkbook.<init>(XSSFWorkbook.java:309)
at Com.Utility.ExcelDataProvider.<init>(ExcelDataProvider.java:17)
at Com.Utility.BaseClass.BS(BaseClass.java:25)
Caused by: java.lang.ClassNotFoundException: org.apache.poi.ss.usermodel.Chart
at java.base/jdk.internal.loader.BuiltinClassLoader.loadClass(BuiltinClassLoader.java:641)
at java.base/jdk.internal.loader.ClassLoaders$AppClassLoader.loadClass(ClassLoaders.java:188)
at java.base/java.lang.ClassLoader.loadClass(ClassLoader.java:520)
... 34 more
... Removed 19 stack frames]]>
    </failure>
  </testcase> <!-- @BeforeSuite BS -->
  <testcase classname="Com.Utility.BaseClass" name="@BeforeMethod OpenBrowser" time="-1.646035127892E9">
    <skipped/>
  </testcase> <!-- @BeforeMethod OpenBrowser -->
  <testcase classname="Com.Utility.BaseClass" name="@AfterMethod CloseBrowser" time="-1.6460351279E9">
    <skipped/>
  </testcase> <!-- @AfterMethod CloseBrowser -->
  <testcase classname="Com.Test.Verefy_FB_Login" name="VerefyLoginWith_Valid_Data" time="0.0">
    <skipped/>
  </testcase> <!-- VerefyLoginWith_Valid_Data -->
</testsuite> <!-- Test -->
